[debug] [2026-04-19T10:52:05.893Z] ----------------------------------------------------------------------
[debug] [2026-04-19T10:52:05.895Z] Command:       C:\Program Files\nodejs\node.exe C:\Users\TuanTuanPanda\AppData\Roaming\npm\node_modules\firebase-tools\lib\bin\firebase.js deploy --only hosting --project global-talent-5426f --non-interactive
[debug] [2026-04-19T10:52:05.896Z] CLI Version:   15.15.0
[debug] [2026-04-19T10:52:05.896Z] Platform:      win32
[debug] [2026-04-19T10:52:05.896Z] Node Version:  v24.13.1
[debug] [2026-04-19T10:52:05.896Z] Time:          Sun Apr 19 2026 18:52:05 GMT+0800 (马来西亚时间)
[debug] [2026-04-19T10:52:05.896Z] ----------------------------------------------------------------------
[debug] 
[debug] [2026-04-19T10:52:07.033Z] > command requires scopes: ["email","openid","https://www.googleapis.com/auth/cloudplatformprojects.readonly","https://www.googleapis.com/auth/firebase","https://www.googleapis.com/auth/cloud-platform"]
[debug] [2026-04-19T10:52:07.034Z] > authorizing via signed-in user (tuantuanbot123@gmail.com)
[debug] [2026-04-19T10:52:07.034Z] [iam] checking project global-talent-5426f for permissions ["firebase.projects.get","firebasehosting.sites.update"]
[debug] [2026-04-19T10:52:07.035Z] Checked if tokens are valid: true, expires at: 1776598484693
[debug] [2026-04-19T10:52:07.035Z] Checked if tokens are valid: true, expires at: 1776598484693
[debug] [2026-04-19T10:52:07.036Z] >>> [apiv2][query] POST https://cloudresourcemanager.googleapis.com/v1/projects/global-talent-5426f:testIamPermissions [none]
[debug] [2026-04-19T10:52:07.036Z] >>> [apiv2][(partial)header] POST https://cloudresourcemanager.googleapis.com/v1/projects/global-talent-5426f:testIamPermissions  x-goog-user-project=global-talent-5426f
[debug] [2026-04-19T10:52:07.036Z] >>> [apiv2][body] POST https://cloudresourcemanager.googleapis.com/v1/projects/global-talent-5426f:testIamPermissions {"permissions":["firebase.projects.get","firebasehosting.sites.update"]}
[debug] [2026-04-19T10:52:08.269Z] <<< [apiv2][status] POST https://cloudresourcemanager.googleapis.com/v1/projects/global-talent-5426f:testIamPermissions 403
[debug] [2026-04-19T10:52:08.269Z] <<< [apiv2][body] POST https://cloudresourcemanager.googleapis.com/v1/projects/global-talent-5426f:testIamPermissions {"error":{"code":403,"message":"Caller does not have required permission to use project global-talent-5426f. Grant the caller the roles/serviceusage.serviceUsageConsumer role, or a custom role with the serviceusage.services.use permission, by visiting https://console.developers.google.com/iam-admin/iam?project=global-talent-5426f and then retry. Propagation of the new permission may take a few minutes.","status":"PERMISSION_DENIED","details":[{"@type":"type.googleapis.com/google.rpc.ErrorInfo","reason":"USER_PROJECT_DENIED","domain":"googleapis.com","metadata":{"containerInfo":"global-talent-5426f","consumer":"projects/global-talent-5426f","service":"cloudresourcemanager.googleapis.com","consoleUrl":"https://console.developers.google.com/iam-admin/iam?project=global-talent-5426f"}},{"@type":"type.googleapis.com/google.rpc.LocalizedMessage","locale":"en-US","message":"Caller does not have required permission to use project global-talent-5426f. Grant the caller the roles/serviceusage.serviceUsageConsumer role, or a custom role with the serviceusage.services.use permission, by visiting https://console.developers.google.com/iam-admin/iam?project=global-talent-5426f and then retry. Propagation of the new permission may take a few minutes."},{"@type":"type.googleapis.com/google.rpc.Help","links":[{"description":"Google developer console IAM admin","url":"https://console.developers.google.com/iam-admin/iam?project=global-talent-5426f"}]}]}}
[debug] [2026-04-19T10:52:08.269Z] [iam] error while checking permissions, command may fail: Request to https://cloudresourcemanager.googleapis.com/v1/projects/global-talent-5426f:testIamPermissions had HTTP Error: 403, Caller does not have required permission to use project global-talent-5426f. Grant the caller the roles/serviceusage.serviceUsageConsumer role, or a custom role with the serviceusage.services.use permission, by visiting https://console.developers.google.com/iam-admin/iam?project=global-talent-5426f and then retry. Propagation of the new permission may take a few minutes.
[debug] [2026-04-19T10:52:08.270Z] Checked if tokens are valid: true, expires at: 1776598484693
[debug] [2026-04-19T10:52:08.270Z] Checked if tokens are valid: true, expires at: 1776598484693
[debug] [2026-04-19T10:52:08.270Z] >>> [apiv2][query] GET https://firebase.googleapis.com/v1beta1/projects/global-talent-5426f [none]
[debug] [2026-04-19T10:52:08.734Z] <<< [apiv2][status] GET https://firebase.googleapis.com/v1beta1/projects/global-talent-5426f 403
[debug] [2026-04-19T10:52:08.734Z] <<< [apiv2][body] GET https://firebase.googleapis.com/v1beta1/projects/global-talent-5426f {"error":{"code":403,"message":"The caller does not have permission","status":"PERMISSION_DENIED"}}
[debug] [2026-04-19T10:52:08.734Z] Request to https://firebase.googleapis.com/v1beta1/projects/global-talent-5426f had HTTP Error: 403, The caller does not have permission
[debug] [2026-04-19T10:52:08.937Z] FirebaseError: Request to https://firebase.googleapis.com/v1beta1/projects/global-talent-5426f had HTTP Error: 403, The caller does not have permission
    at responseToError (C:\Users\TuanTuanPanda\AppData\Roaming\npm\node_modules\firebase-tools\lib\responseToError.js:53:12)
    at RetryOperation._fn (C:\Users\TuanTuanPanda\AppData\Roaming\npm\node_modules\firebase-tools\lib\apiv2.js:333:77)
    at process.processTicksAndRejections (node:internal/process/task_queues:103:5)
[error] 
[error] Error: Failed to get Firebase project global-talent-5426f. Please make sure the project exists and your account has permission to access it.
